#
# There is insufficient memory for the Java Runtime Environment to continue.
# Native memory allocation (mmap) failed to map 264241152 bytes for G1 virtual space
# Possible reasons:
#   The system is out of physical RAM or swap space
#   The process is running with CompressedOops enabled, and the Java Heap may be blocking the growth of the native heap
# Possible solutions:
#   Reduce memory load on the system
#   Increase physical memory or swap space
#   Check if swap backing store is full
#   Decrease Java heap size (-Xmx/-Xms)
#   Decrease number of Java threads
#   Decrease Java thread stack sizes (-Xss)
#   Set larger code cache with -XX:ReservedCodeCacheSize=
#   JVM is running with Zero Based Compressed Oops mode in which the Java heap is
#     placed in the first 32GB address space. The Java Heap base address is the
#     maximum limit for the native heap growth. Please use -XX:HeapBaseMinAddress
#     to set the Java Heap base and to place the Java Heap above 32GB virtual address.
# This output file may be truncated or incomplete.
#
#  Out of Memory Error (os_windows.cpp:3550), pid=34060, tid=49864
#
# JRE version:  (17.0.8+9) (build )
# Java VM: Java HotSpot(TM) 64-Bit Server VM (17.0.8+9-LTS-211, mixed mode, sharing, tiered, compressed oops, compressed class ptrs, g1 gc, windows-amd64)
# No core dump will be written. Minidumps are not enabled by default on client versions of Windows
#

---------------  S U M M A R Y ------------

Command Line: -Dfile.encoding=UTF-8 -XX:+ShowCodeDetailsInExceptionMessages Hotel.admin

Host: 11th Gen Intel(R) Core(TM) i5-1135G7 @ 2.40GHz, 8 cores, 15G,  Windows 11 , 64 bit Build 22621 (10.0.22621.3958)
Time: Wed Oct 30 23:47:32 2024 India Standard Time elapsed time: 0.009271 seconds (0d 0h 0m 0s)

---------------  T H R E A D  ---------------

Current thread (0x00000241f492bff0):  JavaThread "Unknown thread" [_thread_in_vm, id=49864, stack(0x000000fb3bd00000,0x000000fb3be00000)]

Stack: [0x000000fb3bd00000,0x000000fb3be00000]
Native frames: (J=compiled Java code, j=interpreted, Vv=VM code, C=native code)
V  [jvm.dll+0x677d0a]
V  [jvm.dll+0x7d8c54]
V  [jvm.dll+0x7da3fe]
V  [jvm.dll+0x7daa63]
V  [jvm.dll+0x245c5f]
V  [jvm.dll+0x674bb9]
V  [jvm.dll+0x6694f2]
V  [jvm.dll+0x3031d6]
V  [jvm.dll+0x30a756]
V  [jvm.dll+0x359f9e]
V  [jvm.dll+0x35a1cf]
V  [jvm.dll+0x2da3e8]
V  [jvm.dll+0x2db354]
V  [jvm.dll+0x7aa711]
V  [jvm.dll+0x367b51]
V  [jvm.dll+0x789979]
V  [jvm.dll+0x3eb05f]
V  [jvm.dll+0x3ecae1]
C  [jli.dll+0x5297]
C  [ucrtbase.dll+0x29333]
C  [KERNEL32.DLL+0x1257d]
C  [ntdll.dll+0x5af08]


---------------  P R O C E S S  ---------------

Threads class SMR info:
_java_thread_list=0x00007ffbdbe059d8, length=0, elements={
}

Java Threads: ( => current thread )

Other Threads:
  0x00000241f49989d0 GCTaskThread "GC Thread#0" [stack: 0x000000fb3be00000,0x000000fb3bf00000] [id=48116]
  0x00000241f49a9450 ConcurrentGCThread "G1 Main Marker" [stack: 0x000000fb3bf00000,0x000000fb3c000000] [id=48004]
  0x00000241f49a9e60 ConcurrentGCThread "G1 Conc#0" [stack: 0x000000fb3c000000,0x000000fb3c100000] [id=46128]

[error occurred during error reporting (printing all threads), id 0xc0000005, EXCEPTION_ACCESS_VIOLATION (0xc0000005) at pc=0x00007ffbdb63b047]

VM state: not at safepoint (not fully initialized)

VM Mutex/Monitor currently owned by a thread:  ([mutex/lock_event])
[0x00000241f49278d0] Heap_lock - owner thread: 0x00000241f492bff0

Heap address: 0x0000000704c00000, size: 4020 MB, Compressed Oops mode: Zero based, Oop shift amount: 3

CDS archive(s) mapped at: [0x0000000000000000-0x0000000000000000-0x0000000000000000), size 0, SharedBaseAddress: 0x0000000800000000, ArchiveRelocationMode: 1.
Narrow klass base: 0x0000000000000000, Narrow klass shift: 0, Narrow klass range: 0x0

GC Precious Log:
<Empty>

Heap:
 garbage-first heap   total 0K, used 0K [0x0000000704c00000, 0x0000000800000000)
  region size 2048K, 0 young (0K), 0 survivors (0K)

[error occurred during error reporting (printing heap information), id 0xc0000005, EXCEPTION_ACCESS_VIOLATION (0xc0000005) at pc=0x00007ffbdba21499]

GC Heap History (0 events):
No events

Deoptimization events (0 events):
No events

Classes unloaded (0 events):
No events

Classes redefined (0 events):
No events

Internal exceptions (0 events):
No events

VM Operations (0 events):
No events

Events (1 events):
Event: 0.006 Loaded shared library C:\Program Files\Java\jdk-17\bin\java.dll


Dynamic libraries:
0x00007ff745b90000 - 0x00007ff745ba0000 	C:\Program Files\Java\jdk-17\bin\javaw.exe
0x00007ffca37d0000 - 0x00007ffca39e7000 	C:\WINDOWS\SYSTEM32\ntdll.dll
0x00007ffca20e0000 - 0x00007ffca21a4000 	C:\WINDOWS\System32\KERNEL32.DLL
0x00007ffca0ae0000 - 0x00007ffca0e97000 	C:\WINDOWS\System32\KERNELBASE.dll
0x00007ffca0f20000 - 0x00007ffca1031000 	C:\WINDOWS\System32\ucrtbase.dll
0x00007ffc926b0000 - 0x00007ffc926c9000 	C:\Program Files\Java\jdk-17\bin\jli.dll
0x00007ffc92750000 - 0x00007ffc9276b000 	C:\Program Files\Java\jdk-17\bin\VCRUNTIME140.dll
0x00007ffca2020000 - 0x00007ffca20d2000 	C:\WINDOWS\System32\ADVAPI32.dll
0x00007ffca21b0000 - 0x00007ffca2257000 	C:\WINDOWS\System32\msvcrt.dll
0x00007ffca2b30000 - 0x00007ffca2bd8000 	C:\WINDOWS\System32\sechost.dll
0x00007ffca1360000 - 0x00007ffca1388000 	C:\WINDOWS\System32\bcrypt.dll
0x00007ffca2e40000 - 0x00007ffca2f54000 	C:\WINDOWS\System32\RPCRT4.dll
0x00007ffca1d20000 - 0x00007ffca1ecf000 	C:\WINDOWS\System32\USER32.dll
0x00007ffca10e0000 - 0x00007ffca1106000 	C:\WINDOWS\System32\win32u.dll
0x00007ffc85440000 - 0x00007ffc856d3000 	C:\WINDOWS\WinSxS\amd64_microsoft.windows.common-controls_6595b64144ccf1df_6.0.22621.3672_none_2713b9d173822955\COMCTL32.dll
0x00007ffca2d70000 - 0x00007ffca2d99000 	C:\WINDOWS\System32\GDI32.dll
0x00007ffca1110000 - 0x00007ffca1228000 	C:\WINDOWS\System32\gdi32full.dll
0x00007ffca1040000 - 0x00007ffca10da000 	C:\WINDOWS\System32\msvcp_win.dll
0x00007ffc95cc0000 - 0x00007ffc95cca000 	C:\WINDOWS\SYSTEM32\VERSION.dll
0x00007ffca1ce0000 - 0x00007ffca1d11000 	C:\WINDOWS\System32\IMM32.DLL
0x00007ffc95550000 - 0x00007ffc9555c000 	C:\Program Files\Java\jdk-17\bin\vcruntime140_1.dll
0x00007ffc712f0000 - 0x00007ffc7137e000 	C:\Program Files\Java\jdk-17\bin\msvcp140.dll
0x00007ffbdb350000 - 0x00007ffbdbf2e000 	C:\Program Files\Java\jdk-17\bin\server\jvm.dll
0x00007ffca2d60000 - 0x00007ffca2d68000 	C:\WINDOWS\System32\PSAPI.DLL
0x00007ffc9af10000 - 0x00007ffc9af19000 	C:\WINDOWS\SYSTEM32\WSOCK32.dll
0x00007ffc96f00000 - 0x00007ffc96f34000 	C:\WINDOWS\SYSTEM32\WINMM.dll
0x00007ffca2da0000 - 0x00007ffca2e11000 	C:\WINDOWS\System32\WS2_32.dll
0x00007ffc9fb30000 - 0x00007ffc9fb48000 	C:\WINDOWS\SYSTEM32\kernel.appcore.dll
0x00007ffc99af0000 - 0x00007ffc99afa000 	C:\Program Files\Java\jdk-17\bin\jimage.dll
0x00007ffc9e560000 - 0x00007ffc9e792000 	C:\WINDOWS\SYSTEM32\DBGHELP.DLL
0x00007ffca1500000 - 0x00007ffca188e000 	C:\WINDOWS\System32\combase.dll
0x00007ffca1ed0000 - 0x00007ffca1fa7000 	C:\WINDOWS\System32\OLEAUT32.dll
0x00007ffc95ed0000 - 0x00007ffc95f02000 	C:\WINDOWS\SYSTEM32\dbgcore.DLL
0x00007ffca0ea0000 - 0x00007ffca0f1b000 	C:\WINDOWS\System32\bcryptPrimitives.dll
0x00007ffc94e50000 - 0x00007ffc94e75000 	C:\Program Files\Java\jdk-17\bin\java.dll

dbghelp: loaded successfully - version: 4.0.5 - missing functions: none
symbol engine: initialized successfully - sym options: 0x614 - pdb path: .;C:\Program Files\Java\jdk-17\bin;C:\WINDOWS\SYSTEM32;C:\WINDOWS\WinSxS\amd64_microsoft.windows.common-controls_6595b64144ccf1df_6.0.22621.3672_none_2713b9d173822955;C:\Program Files\Java\jdk-17\bin\server

VM Arguments:
jvm_args: -Dfile.encoding=UTF-8 -XX:+ShowCodeDetailsInExceptionMessages 
java_command: Hotel.admin
java_class_path (initial): D:\java project\Hotel-Management-System\bin;D:\java project\Airline Management System\jcalendar-tz-1.3.3-4.jar;D:\java project\Hotel management System\mysql-connector-java-8.0.28.jar;D:\java project\Hotel management System\rs2xml.jar
Launcher Type: SUN_STANDARD

[Global flags]
     intx CICompilerCount                          = 4                                         {product} {ergonomic}
     uint ConcGCThreads                            = 2                                         {product} {ergonomic}
     uint G1ConcRefinementThreads                  = 8                                         {product} {ergonomic}
   size_t G1HeapRegionSize                         = 2097152                                   {product} {ergonomic}
    uintx GCDrainStackTargetSize                   = 64                                        {product} {ergonomic}
   size_t InitialHeapSize                          = 264241152                                 {product} {ergonomic}
   size_t MarkStackSize                            = 4194304                                   {product} {ergonomic}
   size_t MaxHeapSize                              = 4215275520                                {product} {ergonomic}
   size_t MinHeapDeltaBytes                        = 2097152                                   {product} {ergonomic}
   size_t MinHeapSize                              = 8388608                                   {product} {ergonomic}
    uintx NonNMethodCodeHeapSize                   = 5839372                                {pd product} {ergonomic}
    uintx NonProfiledCodeHeapSize                  = 122909434                              {pd product} {ergonomic}
    uintx ProfiledCodeHeapSize                     = 122909434                              {pd product} {ergonomic}
    uintx ReservedCodeCacheSize                    = 251658240                              {pd product} {ergonomic}
     bool SegmentedCodeCache                       = true                                      {product} {ergonomic}
     bool ShowCodeDetailsInExceptionMessages       = true                                   {manageable} {command line}
   size_t SoftMaxHeapSize                          = 4215275520                             {manageable} {ergonomic}
     bool UseCompressedClassPointers               = true                           {product lp64_product} {ergonomic}
     bool UseCompressedOops                        = true                           {product lp64_product} {ergonomic}
     bool UseG1GC                                  = true                                      {product} {ergonomic}
     bool UseLargePagesIndividualAllocation        = false                                  {pd product} {ergonomic}

Logging:
Log output configuration:
 #0: stdout all=warning uptime,level,tags
 #1: stderr all=off uptime,level,tags

Environment Variables:
PATH=C:/Program Files/Java/jdk-17/bin/server;C:/Program Files/Java/jdk-17/bin;C:\java\jdk-17.0.11\bin;C:\Program Files\Common Files\Oracle\Java\javapath;C:\WINDOWS\system32;C:\WINDOWS;C:\WINDOWS\System32\Wbem;C:\WINDOWS\System32\WindowsPowerShell\v1.0\;C:\WINDOWS\System32\OpenSSH\;C:\MinGW\bin;C:\Program Files\MySQL\MySQL Shell 8.0\bin\;C:\Users\ASUS\AppData\Local\Microsoft\WindowsApps;C:\Program Files (x86)\Microsoft Visual Studio;C:\Users\ASUS\AppData\Local\Programs\Microsoft VS Code\bin;C:\Users\ASUS\AppData\Roaming\npm;C:\Program Files\nodejs\;C:\Users\ASUS\AppData\Local\Programs\Python\Python313;C:\Users\ASUS\AppData\Local\Programs\Python\Python313\Scripts;C:\Program Files\MySQL\MySQL Server 8.0\bin\;C:\Users\ASUS\AppData\Local\Microsoft\WindowsApps;C:\Program Files (x86)\Microsoft Visual Studio;C:\MinGW\bin;C:\Users\ASUS\AppData\Local\Programs\Microsoft VS Code\bin;C:\Program Files\nodejs;C:\Users\ASUS\AppData\Roaming\npm;C:\xampp\php;;C:\Users\ASUS\OneDrive\Desktop;
USERNAME=ASUS
OS=Windows_NT
PROCESSOR_IDENTIFIER=Intel64 Family 6 Model 140 Stepping 1, GenuineIntel



---------------  S Y S T E M  ---------------

OS:
 Windows 11 , 64 bit Build 22621 (10.0.22621.3958)
OS uptime: 18 days 6:47 hours

CPU: total 8 (initial active 8) (4 cores per cpu, 2 threads per core) family 6 model 140 stepping 1 microcode 0x86, cx8, cmov, fxsr, ht, mmx, 3dnowpref, sse, sse2, sse3, ssse3, sse4.1, sse4.2, popcnt, lzcnt, tsc, tscinvbit, avx, avx2, aes, erms, clmul, bmi1, bmi2, adx, avx512f, avx512dq, avx512cd, avx512bw, avx512vl, sha, fma, vzeroupper, avx512_vpopcntdq, avx512_vpclmulqdq, avx512_vaes, avx512_vnni, clflush, clflushopt, clwb, avx512_vbmi2, avx512_vbmi

Memory: 4k page, system-wide physical 16077M (811M free)
TotalPageFile size 29428M (AvailPageFile size 30M)
current process WorkingSet (physical memory assigned to process): 11M, peak: 11M
current process commit charge ("private bytes"): 60M, peak: 312M

vm_info: Java HotSpot(TM) 64-Bit Server VM (17.0.8+9-LTS-211) for windows-amd64 JRE (17.0.8+9-LTS-211), built on Jun 14 2023 10:34:31 by "mach5one" with MS VC++ 17.1 (VS2022)

END.
